<?xml version="1.0" encoding="UTF-8"?>
<testsuite name="com.uregina.app.AppTest" tests="12" skipped="0" failures="0" errors="0" timestamp="2021-04-27T22:14:02" hostname="CRACKPC" time="0.012">
  <properties/>
  <testcase name="shouldAnswerWithTrue" classname="com.uregina.app.AppTest" time="0.006"/>
  <testcase name="Sub12Hr_test1" classname="com.uregina.app.AppTest" time="0.0"/>
  <testcase name="Sub12Hr_test2" classname="com.uregina.app.AppTest" time="0.0"/>
  <testcase name="Sub12Hr_test3" classname="com.uregina.app.AppTest" time="0.0"/>
  <testcase name="Sub12Hr_test4" classname="com.uregina.app.AppTest" time="0.0"/>
  <testcase name="Sub12Hr_test5" classname="com.uregina.app.AppTest" time="0.0"/>
  <testcase name="Sub12Hr_test6" classname="com.uregina.app.AppTest" time="0.001"/>
  <testcase name="Sub12Hr_test7" classname="com.uregina.app.AppTest" time="0.0"/>
  <testcase name="Sub12Hr_test8" classname="com.uregina.app.AppTest" time="0.0"/>
  <testcase name="Sub12Hr_test9" classname="com.uregina.app.AppTest" time="0.0"/>
  <testcase name="time24_am" classname="com.uregina.app.AppTest" time="0.0"/>
  <testcase name="time24_pm" classname="com.uregina.app.AppTest" time="0.0"/>
  <system-out><![CDATA[]]></system-out>
  <system-err><![CDATA[]]></system-err>
</testsuite>
