<?xml version="1.0" encoding="UTF-8"?>
<testsuite name="com.uregina.app.AppTest" tests="3" skipped="0" failures="0" errors="0" timestamp="2021-04-27T20:29:10" hostname="CRACKPC" time="0.006">
  <properties/>
  <testcase name="shouldAnswerWithTrue" classname="com.uregina.app.AppTest" time="0.004"/>
  <testcase name="time24_am" classname="com.uregina.app.AppTest" time="0.0"/>
  <testcase name="time24_pm" classname="com.uregina.app.AppTest" time="0.001"/>
  <system-out><![CDATA[]]></system-out>
  <system-err><![CDATA[]]></system-err>
</testsuite>
